<?xml version="1.0" encoding="UTF-8"?>
<!-- Generated by org.testng.reporters.JUnitReportReporter -->
<testsuite hostname="LAPTOP-AJHM6TG7" failures="0" tests="5" name="swaglabs.demo" time="4.215" errors="0" timestamp="2024-08-08T19:00:48 IST" skipped="0">
  <testcase classname="swaglabs.demo" name="script" time="0.642"/>
  <testcase classname="swaglabs.demo" name="Cart" time="0.350"/>
  <testcase classname="swaglabs.demo" name="Checkout" time="0.129"/>
  <testcase classname="swaglabs.demo" name="Information" time="0.287"/>
  <testcase classname="swaglabs.demo" name="Logout" time="2.807"/>
</testsuite> <!-- swaglabs.demo -->
